<?xml version="1.0" encoding="UTF-8"?>
<testng-results ignored="0" total="1" passed="1" failed="0" skipped="0">
  <reporter-output>
  </reporter-output>
  <suite started-at="2021-12-26T12:43:49 GMT-05:00" name="Default suite" finished-at="2021-12-26T12:43:56 GMT-05:00" duration-ms="7152">
    <groups>
    </groups>
    <test started-at="2021-12-26T12:43:49 GMT-05:00" name="Default test" finished-at="2021-12-26T12:43:56 GMT-05:00" duration-ms="7152">
      <class name="com.BS4.Test.VerifyTest_loginPage">
        <test-method is-config="true" signature="open()[pri:0, instance:com.BS4.Test.VerifyTest_loginPage@2e4b8173]" started-at="2021-12-26T12:43:49 GMT-05:00" name="open" finished-at="2021-12-26T12:43:56 GMT-05:00" duration-ms="7071" status="PASS">
          <reporter-output>
          </reporter-output>
        </test-method> <!-- open -->
        <test-method signature="verify()[pri:0, instance:com.BS4.Test.VerifyTest_loginPage@2e4b8173]" started-at="2021-12-26T12:43:56 GMT-05:00" name="verify" finished-at="2021-12-26T12:43:56 GMT-05:00" duration-ms="31" status="PASS">
          <reporter-output>
          </reporter-output>
        </test-method> <!-- verify -->
      </class> <!-- com.BS4.Test.VerifyTest_loginPage -->
    </test> <!-- Default test -->
  </suite> <!-- Default suite -->
</testng-results>
